<?xml version="1.0" encoding="UTF-8"?>
<!-- Generated by org.testng.reporters.JUnitXMLReporter -->
<testsuite ignored="0" hostname="LAPTOP-FDDBVFJB" failures="0" tests="6" name="Test" time="0.052" errors="0" timestamp="2021-09-11T10:59:54 IST">
  <testcase classname="qaclickacademy.Mavenjava.AppiumTest" name="iosApps" time="0.005"/>
  <testcase classname="qaclickacademy.Mavenjava.AppiumTest" name="nativeAppAndroid" time="0.0"/>
  <testcase classname="qaclickacademy.Mavenjava.SeleniumTest" name="browserAutomation" time="0.0"/>
  <testcase classname="qaclickacademy.Mavenjava.SeleniumTest" name="elementsUI" time="0.0"/>
  <testcase classname="qaclickacademy.Mavenjava.RestapiTest" name="deleteTwitter" time="0.0"/>
  <testcase classname="qaclickacademy.Mavenjava.RestapiTest" name="postJira" time="0.0"/>
</testsuite> <!-- Test -->
