<?xml version="1.0" encoding="UTF-8"?>
<testsuite xmlns:xsi="http://www.w3.org/2001/XMLSchema-instance" xsi:noNamespaceSchemaLocation="https://maven.apache.org/surefire/maven-surefire-plugin/xsd/surefire-test-report-3.0.xsd" version="3.0" name="qaclickacademy.Mavenjava.SeleniumTest" time="0.533" tests="2" errors="0" skipped="0" failures="0">
  <properties>
[...]
</properties>
  <testcase name="browserAutomation" classname="qaclickacademy.Mavenjava.SeleniumTest" time="0.006">
    <system-out><![CDATA[browserAutomation
]]></system-out>
  </testcase>
  <testcase name="elementsUI" classname="qaclickacademy.Mavenjava.SeleniumTest" time="0">
    <system-out><![CDATA[elementsUI
]]></system-out>
  </testcase>
</testsuite>