<?xml version="1.0" encoding="UTF-8"?>
<testng-results ignored="0" total="6" passed="6" failed="0" skipped="0">
  <reporter-output>
  </reporter-output>
  <suite started-at="2021-09-11T10:59:54 IST" name="Suite" finished-at="2021-09-11T10:59:54 IST" duration-ms="52">
    <groups>
    </groups>
    <test started-at="2021-09-11T10:59:54 IST" name="Test" finished-at="2021-09-11T10:59:54 IST" duration-ms="52">
      <class name="qaclickacademy.Mavenjava.AppiumTest">
        <test-method signature="iosApps()[pri:0, instance:qaclickacademy.Mavenjava.AppiumTest@7fc2413d]" started-at="2021-09-11T10:59:54 IST" name="iosApps" finished-at="2021-09-11T10:59:54 IST" duration-ms="5" status="PASS">
          <reporter-output>
          </reporter-output>
        </test-method> <!-- iosApps -->
        <test-method signature="nativeAppAndroid()[pri:0, instance:qaclickacademy.Mavenjava.AppiumTest@7fc2413d]" started-at="2021-09-11T10:59:54 IST" name="nativeAppAndroid" finished-at="2021-09-11T10:59:54 IST" duration-ms="0" status="PASS">
          <reporter-output>
          </reporter-output>
        </test-method> <!-- nativeAppAndroid -->
      </class> <!-- qaclickacademy.Mavenjava.AppiumTest -->
      <class name="qaclickacademy.Mavenjava.SeleniumTest">
        <test-method signature="browserAutomation()[pri:0, instance:qaclickacademy.Mavenjava.SeleniumTest@5db250b4]" started-at="2021-09-11T10:59:54 IST" name="browserAutomation" finished-at="2021-09-11T10:59:54 IST" duration-ms="0" status="PASS">
          <reporter-output>
          </reporter-output>
        </test-method> <!-- browserAutomation -->
        <test-method signature="elementsUI()[pri:0, instance:qaclickacademy.Mavenjava.SeleniumTest@5db250b4]" started-at="2021-09-11T10:59:54 IST" name="elementsUI" finished-at="2021-09-11T10:59:54 IST" duration-ms="0" status="PASS">
          <reporter-output>
          </reporter-output>
        </test-method> <!-- elementsUI -->
      </class> <!-- qaclickacademy.Mavenjava.SeleniumTest -->
      <class name="qaclickacademy.Mavenjava.RestapiTest">
        <test-method signature="deleteTwitter()[pri:0, instance:qaclickacademy.Mavenjava.RestapiTest@223f3642]" started-at="2021-09-11T10:59:54 IST" name="deleteTwitter" finished-at="2021-09-11T10:59:54 IST" duration-ms="0" status="PASS">
          <reporter-output>
          </reporter-output>
        </test-method> <!-- deleteTwitter -->
        <test-method signature="postJira()[pri:0, instance:qaclickacademy.Mavenjava.RestapiTest@223f3642]" started-at="2021-09-11T10:59:54 IST" name="postJira" finished-at="2021-09-11T10:59:54 IST" duration-ms="0" status="PASS">
          <reporter-output>
          </reporter-output>
        </test-method> <!-- postJira -->
      </class> <!-- qaclickacademy.Mavenjava.RestapiTest -->
    </test> <!-- Test -->
  </suite> <!-- Suite -->
</testng-results>
